17:09:58,670 (main) DEBUG [DataNucleus.General] - Using PluginRegistry org.datanucleus.plugin.NonManagedPluginRegistry
17:09:58,709 (main) DEBUG [DataNucleus.General] - Registering bundle org.sonatype.inject version 2.3.0 at URL file:/home/albertofdr/.m2/repository/org/sonatype/sisu/sisu-inject-bean/2.3.0/sisu-inject-bean-2.3.0.jar.
17:09:58,741 (main) DEBUG [DataNucleus.General] - Leyendo extension-points y extensiones del archivo de plug-in jar:file:/home/albertofdr/.m2/repository/org/sonatype/sisu/sisu-inject-bean/2.3.0/sisu-inject-bean-2.3.0.jar!/plugin.xml.
17:09:58,744 (main) DEBUG [DataNucleus.General] - Registering bundle org.datanucleus version 5.2.0.release at URL file:/home/albertofdr/.m2/repository/org/datanucleus/datanucleus-core/5.2.0-release/datanucleus-core-5.2.0-release.jar.
17:09:58,748 (main) DEBUG [DataNucleus.General] - Leyendo extension-points y extensiones del archivo de plug-in jar:file:/home/albertofdr/.m2/repository/org/datanucleus/datanucleus-core/5.2.0-release/datanucleus-core-5.2.0-release.jar!/plugin.xml.
17:09:58,758 (main) DEBUG [DataNucleus.General] - Registering bundle org.datanucleus.api.jdo version 5.2.0.release at URL file:/home/albertofdr/.m2/repository/org/datanucleus/datanucleus-api-jdo/5.2.0-release/datanucleus-api-jdo-5.2.0-release.jar.
17:09:58,766 (main) DEBUG [DataNucleus.General] - Leyendo extension-points y extensiones del archivo de plug-in jar:file:/home/albertofdr/.m2/repository/org/datanucleus/datanucleus-api-jdo/5.2.0-release/datanucleus-api-jdo-5.2.0-release.jar!/plugin.xml.
17:09:58,770 (main) DEBUG [DataNucleus.General] - Registering bundle org.datanucleus.store.rdbms version 5.2.0.release at URL file:/home/albertofdr/.m2/repository/org/datanucleus/datanucleus-rdbms/5.2.0-release/datanucleus-rdbms-5.2.0-release.jar.
17:09:58,774 (main) DEBUG [DataNucleus.General] - Leyendo extension-points y extensiones del archivo de plug-in jar:file:/home/albertofdr/.m2/repository/org/datanucleus/datanucleus-rdbms/5.2.0-release/datanucleus-rdbms-5.2.0-release.jar!/plugin.xml.
17:09:58,799 (main) DEBUG [DataNucleus.Persistence] - Tipos de Java inicializando ...
17:09:58,832 (main) DEBUG [DataNucleus.Persistence] - Soporte para tipos de Java listo : tipos soportados = [B, [C, [D, [F, [I, [J, [Ljava.lang.Boolean;, [Ljava.lang.Byte;, [Ljava.lang.Character;, [Ljava.lang.Double;, [Ljava.lang.Enum;, [Ljava.lang.Float;, [Ljava.lang.Integer;, [Ljava.lang.Long;, [Ljava.lang.Number;, [Ljava.lang.Object;, [Ljava.lang.Short;, [Ljava.lang.String;, [Ljava.math.BigDecimal;, [Ljava.math.BigInteger;, [Ljava.util.Date;, [Ljava.util.Locale;, [S, [Z, boolean, byte, char, double, float, int, java.awt.Color, java.awt.image.BufferedImage, java.lang.Boolean, java.lang.Byte, java.lang.Character, java.lang.Class, java.lang.Double, java.lang.Enum, java.lang.Float, java.lang.Integer, java.lang.Long, java.lang.Number, java.lang.Short, java.lang.String, java.lang.StringBuffer, java.lang.StringBuilder, java.math.BigDecimal, java.math.BigInteger, java.net.URI, java.net.URL, java.sql.Date, java.sql.Time, java.sql.Timestamp, java.time.Duration, java.time.Instant, java.time.LocalDate, java.time.LocalDateTime, java.time.LocalTime, java.time.MonthDay, java.time.OffsetDateTime, java.time.OffsetTime, java.time.Period, java.time.Year, java.time.YearMonth, java.time.ZonedDateTime, java.time.ZoneId, java.time.ZoneOffset, java.util.ArrayList, java.util.Arrays$ArrayList, java.util.BitSet, java.util.Calendar, java.util.Collection, java.util.Currency, java.util.Date, java.util.GregorianCalendar, java.util.HashMap, java.util.HashSet, java.util.Hashtable, java.util.LinkedHashMap, java.util.LinkedHashSet, java.util.LinkedList, java.util.List, java.util.Locale, java.util.Map, java.util.Optional, java.util.PriorityQueue, java.util.Properties, java.util.Queue, java.util.Set, java.util.SortedMap, java.util.SortedSet, java.util.Stack, java.util.TimeZone, java.util.TreeMap, java.util.TreeSet, java.util.UUID, java.util.Vector, long, short
17:09:58,832 (main) DEBUG [DataNucleus.Persistence] - Inicializando TypeConverters ...
17:09:58,851 (main) DEBUG [DataNucleus.Persistence] - TypeConverters listo
17:09:58,851 (main) DEBUG [DataNucleus.Persistence] - TypeConverter(s) available for byte[] to : java.nio.ByteBuffer
17:09:58,851 (main) DEBUG [DataNucleus.Persistence] - TypeConverter(s) available for char[] to : java.nio.ByteBuffer
17:09:58,851 (main) DEBUG [DataNucleus.Persistence] - TypeConverter(s) available for double[] to : java.nio.ByteBuffer
17:09:58,852 (main) DEBUG [DataNucleus.Persistence] - TypeConverter(s) available for float[] to : java.nio.ByteBuffer
17:09:58,852 (main) DEBUG [DataNucleus.Persistence] - TypeConverter(s) available for int[] to : java.nio.ByteBuffer
17:09:58,852 (main) DEBUG [DataNucleus.Persistence] - TypeConverter(s) available for long[] to : java.nio.ByteBuffer
17:09:58,852 (main) DEBUG [DataNucleus.Persistence] - TypeConverter(s) available for [Ljava.math.BigDecimal; to : java.nio.ByteBuffer
17:09:58,852 (main) DEBUG [DataNucleus.Persistence] - TypeConverter(s) available for [Ljava.math.BigInteger; to : java.nio.ByteBuffer
17:09:58,852 (main) DEBUG [DataNucleus.Persistence] - TypeConverter(s) available for short[] to : java.nio.ByteBuffer
17:09:58,852 (main) DEBUG [DataNucleus.Persistence] - TypeConverter(s) available for boolean[] to : java.nio.ByteBuffer
17:09:58,852 (main) DEBUG [DataNucleus.Persistence] - TypeConverter(s) available for java.awt.Color to : java.lang.String,int[]
17:09:58,852 (main) DEBUG [DataNucleus.Persistence] - TypeConverter(s) available for java.awt.image.BufferedImage to : byte[],java.nio.ByteBuffer
17:09:58,852 (main) DEBUG [DataNucleus.Persistence] - TypeConverter(s) available for java.io.Serializable to : byte[],java.lang.String,java.nio.ByteBuffer
17:09:58,852 (main) DEBUG [DataNucleus.Persistence] - TypeConverter(s) available for java.lang.Boolean to : java.lang.Character,java.lang.Integer
17:09:58,852 (main) DEBUG [DataNucleus.Persistence] - TypeConverter(s) available for java.lang.Character to : java.lang.String
17:09:58,852 (main) DEBUG [DataNucleus.Persistence] - TypeConverter(s) available for java.lang.Class to : java.lang.String
17:09:58,852 (main) DEBUG [DataNucleus.Persistence] - TypeConverter(s) available for java.lang.Integer to : java.lang.String
17:09:58,852 (main) DEBUG [DataNucleus.Persistence] - TypeConverter(s) available for java.lang.Long to : java.lang.String
17:09:58,852 (main) DEBUG [DataNucleus.Persistence] - TypeConverter(s) available for java.lang.StringBuffer to : java.lang.String
17:09:58,852 (main) DEBUG [DataNucleus.Persistence] - TypeConverter(s) available for java.lang.StringBuilder to : java.lang.String
17:09:58,852 (main) DEBUG [DataNucleus.Persistence] - TypeConverter(s) available for java.math.BigDecimal to : java.lang.Double,java.lang.String
17:09:58,852 (main) DEBUG [DataNucleus.Persistence] - TypeConverter(s) available for java.math.BigInteger to : java.lang.String,java.lang.Long
17:09:58,852 (main) DEBUG [DataNucleus.Persistence] - TypeConverter(s) available for java.net.URI to : java.lang.String
17:09:58,852 (main) DEBUG [DataNucleus.Persistence] - TypeConverter(s) available for java.net.URL to : java.lang.String
17:09:58,853 (main) DEBUG [DataNucleus.Persistence] - TypeConverter(s) available for java.sql.Date to : java.util.Date,java.lang.String,java.lang.Long
17:09:58,853 (main) DEBUG [DataNucleus.Persistence] - TypeConverter(s) available for java.sql.Time to : java.util.Date,java.lang.String,java.lang.Long
17:09:58,853 (main) DEBUG [DataNucleus.Persistence] - TypeConverter(s) available for java.sql.Timestamp to : java.util.Date,java.lang.String,java.lang.Long
17:09:58,853 (main) DEBUG [DataNucleus.Persistence] - TypeConverter(s) available for java.time.Duration to : java.lang.Double,java.lang.String,java.lang.Long
17:09:58,853 (main) DEBUG [DataNucleus.Persistence] - TypeConverter(s) available for java.time.Instant to : java.sql.Timestamp,java.util.Date,java.lang.String,java.lang.Long
17:09:58,853 (main) DEBUG [DataNucleus.Persistence] - TypeConverter(s) available for java.time.LocalDate to : java.util.Date,java.lang.String,java.sql.Date
17:09:58,853 (main) DEBUG [DataNucleus.Persistence] - TypeConverter(s) available for java.time.LocalDateTime to : java.sql.Timestamp,java.util.Date,java.lang.String
17:09:58,853 (main) DEBUG [DataNucleus.Persistence] - TypeConverter(s) available for java.time.LocalTime to : java.util.Date,java.sql.Time,java.lang.String,java.lang.Long
17:09:58,853 (main) DEBUG [DataNucleus.Persistence] - TypeConverter(s) available for java.time.MonthDay to : java.util.Date,java.lang.String,java.sql.Date,int[]
17:09:58,853 (main) DEBUG [DataNucleus.Persistence] - TypeConverter(s) available for java.time.OffsetDateTime to : java.sql.Timestamp,java.util.Date,java.lang.String
17:09:58,853 (main) DEBUG [DataNucleus.Persistence] - TypeConverter(s) available for java.time.OffsetTime to : java.sql.Time,java.lang.String,java.lang.Long
17:09:58,853 (main) DEBUG [DataNucleus.Persistence] - TypeConverter(s) available for java.time.Period to : java.lang.String,int[]
17:09:58,853 (main) DEBUG [DataNucleus.Persistence] - TypeConverter(s) available for java.time.Year to : java.lang.Integer,java.lang.String
17:09:58,853 (main) DEBUG [DataNucleus.Persistence] - TypeConverter(s) available for java.time.YearMonth to : java.util.Date,java.lang.String,java.sql.Date,int[]
17:09:58,853 (main) DEBUG [DataNucleus.Persistence] - TypeConverter(s) available for java.time.ZonedDateTime to : java.sql.Timestamp,java.lang.String
17:09:58,853 (main) DEBUG [DataNucleus.Persistence] - TypeConverter(s) available for java.time.ZoneId to : java.lang.String
17:09:58,853 (main) DEBUG [DataNucleus.Persistence] - TypeConverter(s) available for java.time.ZoneOffset to : java.lang.String
17:09:58,853 (main) DEBUG [DataNucleus.Persistence] - TypeConverter(s) available for java.util.BitSet to : java.lang.String
17:09:58,854 (main) DEBUG [DataNucleus.Persistence] - TypeConverter(s) available for java.util.Calendar to : java.sql.Timestamp,java.util.Date,java.lang.String,[Ljava.lang.Object;
17:09:58,854 (main) DEBUG [DataNucleus.Persistence] - TypeConverter(s) available for java.util.Currency to : java.lang.String
17:09:58,854 (main) DEBUG [DataNucleus.Persistence] - TypeConverter(s) available for java.util.Date to : java.lang.String,java.lang.Long
17:09:58,854 (main) DEBUG [DataNucleus.Persistence] - TypeConverter(s) available for java.util.Locale to : java.lang.String
17:09:58,854 (main) DEBUG [DataNucleus.Persistence] - TypeConverter(s) available for java.util.TimeZone to : java.lang.String
17:09:58,854 (main) DEBUG [DataNucleus.Persistence] - TypeConverter(s) available for java.util.UUID to : java.lang.String
17:09:58,855 (main) DEBUG [DataNucleus.MetaData] - MetaDataManager : Input=(XML,Annotations), XML-Validation=false, XML-Suffices=(persistence=*.jdo, orm=orm, query=*.jdoquery), JDO-listener=false
17:09:58,855 (main) INFO  [DataNucleus.Enhancer] - DataNucleus Enhancer (versión 5.2.0.release) para el API "JDO" utilisando el JRE "{2}"
17:09:58,856 (main) DEBUG [DataNucleus.Enhancer] - DataNucleus Enhancer : Classpath
17:09:58,856 (main) DEBUG [DataNucleus.Enhancer] - >>  /home/albertofdr/.m2/repository/org/datanucleus/datanucleus-maven-plugin/5.0.2/datanucleus-maven-plugin-5.0.2.jar
17:09:58,856 (main) DEBUG [DataNucleus.Enhancer] - >>  /home/albertofdr/.m2/repository/org/codehaus/plexus/plexus-utils/3.0.8/plexus-utils-3.0.8.jar
17:09:58,856 (main) DEBUG [DataNucleus.Enhancer] - >>  /home/albertofdr/.m2/repository/org/apache/maven/maven-artifact/3.0.4/maven-artifact-3.0.4.jar
17:09:58,856 (main) DEBUG [DataNucleus.Enhancer] - >>  /home/albertofdr/.m2/repository/org/apache/maven/maven-plugin-api/3.0.4/maven-plugin-api-3.0.4.jar
17:09:58,856 (main) DEBUG [DataNucleus.Enhancer] - >>  /home/albertofdr/.m2/repository/org/apache/maven/maven-model/3.0.4/maven-model-3.0.4.jar
17:09:58,856 (main) DEBUG [DataNucleus.Enhancer] - >>  /home/albertofdr/.m2/repository/org/sonatype/sisu/sisu-inject-plexus/2.3.0/sisu-inject-plexus-2.3.0.jar
17:09:58,856 (main) DEBUG [DataNucleus.Enhancer] - >>  /home/albertofdr/.m2/repository/org/codehaus/plexus/plexus-component-annotations/1.5.5/plexus-component-annotations-1.5.5.jar
17:09:58,857 (main) DEBUG [DataNucleus.Enhancer] - >>  /home/albertofdr/.m2/repository/org/sonatype/sisu/sisu-inject-bean/2.3.0/sisu-inject-bean-2.3.0.jar
17:09:58,857 (main) DEBUG [DataNucleus.Enhancer] - >>  /home/albertofdr/.m2/repository/org/sonatype/sisu/sisu-guice/3.1.0/sisu-guice-3.1.0-no_aop.jar
17:09:58,857 (main) DEBUG [DataNucleus.Enhancer] - >>  /home/albertofdr/.m2/repository/org/sonatype/sisu/sisu-guava/0.9.9/sisu-guava-0.9.9.jar
17:09:58,857 (main) DEBUG [DataNucleus.Enhancer] - >>  /home/albertofdr/.m2/repository/org/codehaus/plexus/plexus-container-default/1.5.5/plexus-container-default-1.5.5.jar
17:09:58,857 (main) DEBUG [DataNucleus.Enhancer] - >>  /home/albertofdr/.m2/repository/org/codehaus/plexus/plexus-classworlds/2.2.2/plexus-classworlds-2.2.2.jar
17:09:58,857 (main) DEBUG [DataNucleus.Enhancer] - >>  /home/albertofdr/.m2/repository/org/apache/xbean/xbean-reflect/3.4/xbean-reflect-3.4.jar
17:09:58,857 (main) DEBUG [DataNucleus.Enhancer] - >>  /home/albertofdr/.m2/repository/log4j/log4j/1.2.12/log4j-1.2.12.jar
17:09:58,857 (main) DEBUG [DataNucleus.Enhancer] - >>  /home/albertofdr/.m2/repository/commons-logging/commons-logging-api/1.1/commons-logging-api-1.1.jar
17:09:58,857 (main) DEBUG [DataNucleus.Enhancer] - >>  /home/albertofdr/.m2/repository/com/google/collections/google-collections/1.0/google-collections-1.0.jar
17:09:58,857 (main) DEBUG [DataNucleus.Enhancer] - >>  /home/albertofdr/.m2/repository/junit/junit/3.8.2/junit-3.8.2.jar
17:09:58,857 (main) DEBUG [DataNucleus.Enhancer] - >>  /home/albertofdr/git/BSPQ19-E3/target/classes
17:09:58,857 (main) DEBUG [DataNucleus.Enhancer] - >>  /home/albertofdr/.m2/repository/org/datanucleus/datanucleus-core/5.2.0-release/datanucleus-core-5.2.0-release.jar
17:09:58,858 (main) DEBUG [DataNucleus.Enhancer] - >>  /home/albertofdr/.m2/repository/org/datanucleus/datanucleus-api-jdo/5.2.0-release/datanucleus-api-jdo-5.2.0-release.jar
17:09:58,858 (main) DEBUG [DataNucleus.Enhancer] - >>  /home/albertofdr/.m2/repository/org/datanucleus/datanucleus-rdbms/5.2.0-release/datanucleus-rdbms-5.2.0-release.jar
17:09:58,858 (main) DEBUG [DataNucleus.Enhancer] - >>  /home/albertofdr/.m2/repository/org/datanucleus/javax.jdo/3.2.0-m11/javax.jdo-3.2.0-m11.jar
17:09:58,858 (main) DEBUG [DataNucleus.Enhancer] - >>  /home/albertofdr/.m2/repository/javax/transaction/transaction-api/1.1/transaction-api-1.1.jar
17:09:58,858 (main) DEBUG [DataNucleus.Enhancer] - >>  /home/albertofdr/.m2/repository/mysql/mysql-connector-java/8.0.15/mysql-connector-java-8.0.15.jar
17:09:58,858 (main) DEBUG [DataNucleus.Enhancer] - >>  /home/albertofdr/.m2/repository/com/google/protobuf/protobuf-java/3.6.1/protobuf-java-3.6.1.jar
17:09:58,858 (main) DEBUG [DataNucleus.Enhancer] - >>  /home/albertofdr/.m2/repository/log4j/log4j/1.2.17/log4j-1.2.17.jar
17:09:58,859 (main) DEBUG [DataNucleus.Enhancer] - Enhancing classes
17:09:58,864 (main) DEBUG [DataNucleus.MetaData] - MetaData Management : Carga de Metadata de las clases "[es.deusto.server.Server, es.deusto.server.jdo.Main, es.deusto.server.jdo.User, es.deusto.server.IServer, es.deusto.client.App]" ...
17:09:58,867 (main) DEBUG [DataNucleus.MetaData] - No encontramos el MetaData del tipo "jdo" por la clase "es.deusto.server.Server" en /META-INF/package.jdo
17:09:58,867 (main) DEBUG [DataNucleus.MetaData] - No encontramos el MetaData del tipo "jdo" por la clase "es.deusto.server.Server" en /WEB-INF/package.jdo
17:09:58,867 (main) DEBUG [DataNucleus.MetaData] - No encontramos el MetaData del tipo "jdo" por la clase "es.deusto.server.Server" en /package.jdo
17:09:58,867 (main) DEBUG [DataNucleus.MetaData] - No encontramos el MetaData del tipo "jdo" por la clase "es.deusto.server.Server" en /es/package.jdo
17:09:58,868 (main) DEBUG [DataNucleus.MetaData] - No encontramos el MetaData del tipo "jdo" por la clase "es.deusto.server.Server" en /es/deusto/package.jdo
17:09:58,868 (main) DEBUG [DataNucleus.MetaData] - No encontramos el MetaData del tipo "jdo" por la clase "es.deusto.server.Server" en /es/deusto/server/package.jdo
17:09:58,868 (main) DEBUG [DataNucleus.MetaData] - No encontramos el MetaData del tipo "jdo" por la clase "es.deusto.server.Server" en /es/deusto/server/Server.jdo
17:09:58,869 (main) DEBUG [DataNucleus.MetaData] - No hemos encontrado el MetaData del tipo "jdo" por la clase "es.deusto.server.Server"
17:09:58,869 (main) DEBUG [DataNucleus.MetaData] - Registrando la clase "es.deusto.server.Server" no tener Meta-Data
17:09:58,869 (main) DEBUG [DataNucleus.MetaData] - La clase "es.deusto.server.Server" no tiene MetaData o annotaciones.
17:09:58,869 (main) DEBUG [DataNucleus.MetaData] - No encontramos el MetaData del tipo "jdo" por la clase "es.deusto.server.jdo.Main" en /META-INF/package.jdo
17:09:58,869 (main) DEBUG [DataNucleus.MetaData] - No encontramos el MetaData del tipo "jdo" por la clase "es.deusto.server.jdo.Main" en /WEB-INF/package.jdo
17:09:58,869 (main) DEBUG [DataNucleus.MetaData] - No encontramos el MetaData del tipo "jdo" por la clase "es.deusto.server.jdo.Main" en /package.jdo
17:09:58,869 (main) DEBUG [DataNucleus.MetaData] - No encontramos el MetaData del tipo "jdo" por la clase "es.deusto.server.jdo.Main" en /es/package.jdo
17:09:58,870 (main) DEBUG [DataNucleus.MetaData] - No encontramos el MetaData del tipo "jdo" por la clase "es.deusto.server.jdo.Main" en /es/deusto/package.jdo
17:09:58,870 (main) DEBUG [DataNucleus.MetaData] - No encontramos el MetaData del tipo "jdo" por la clase "es.deusto.server.jdo.Main" en /es/deusto/server/package.jdo
17:09:58,870 (main) DEBUG [DataNucleus.MetaData] - No encontramos el MetaData del tipo "jdo" por la clase "es.deusto.server.jdo.Main" en /es/deusto/server/jdo/package.jdo
17:09:58,871 (main) DEBUG [DataNucleus.MetaData] - No encontramos el MetaData del tipo "jdo" por la clase "es.deusto.server.jdo.Main" en /es/deusto/server/jdo/Main.jdo
17:09:58,871 (main) DEBUG [DataNucleus.MetaData] - No hemos encontrado el MetaData del tipo "jdo" por la clase "es.deusto.server.jdo.Main"
17:09:58,871 (main) DEBUG [DataNucleus.MetaData] - Registrando la clase "es.deusto.server.jdo.Main" no tener Meta-Data
17:09:58,871 (main) DEBUG [DataNucleus.MetaData] - La clase "es.deusto.server.jdo.Main" no tiene MetaData o annotaciones.
17:09:58,893 (main) DEBUG [DataNucleus.MetaData] - Clase "es.deusto.server.jdo.User" tiene anotaciones de JDO y vamos a usarlas.
17:09:58,898 (main) DEBUG [DataNucleus.MetaData] - No encontramos el MetaData del tipo "jdo" por la clase "es.deusto.server.IServer" en /META-INF/package.jdo
17:09:58,899 (main) DEBUG [DataNucleus.MetaData] - No encontramos el MetaData del tipo "jdo" por la clase "es.deusto.server.IServer" en /WEB-INF/package.jdo
17:09:58,899 (main) DEBUG [DataNucleus.MetaData] - No encontramos el MetaData del tipo "jdo" por la clase "es.deusto.server.IServer" en /package.jdo
17:09:58,899 (main) DEBUG [DataNucleus.MetaData] - No encontramos el MetaData del tipo "jdo" por la clase "es.deusto.server.IServer" en /es/package.jdo
17:09:58,899 (main) DEBUG [DataNucleus.MetaData] - No encontramos el MetaData del tipo "jdo" por la clase "es.deusto.server.IServer" en /es/deusto/package.jdo
17:09:58,899 (main) DEBUG [DataNucleus.MetaData] - No encontramos el MetaData del tipo "jdo" por la clase "es.deusto.server.IServer" en /es/deusto/server/package.jdo
17:09:58,900 (main) DEBUG [DataNucleus.MetaData] - No encontramos el MetaData del tipo "jdo" por la clase "es.deusto.server.IServer" en /es/deusto/server/IServer.jdo
17:09:58,900 (main) DEBUG [DataNucleus.MetaData] - No hemos encontrado el MetaData del tipo "jdo" por la clase "es.deusto.server.IServer"
17:09:58,900 (main) DEBUG [DataNucleus.MetaData] - Registrando la clase "es.deusto.server.IServer" no tener Meta-Data
17:09:58,900 (main) DEBUG [DataNucleus.MetaData] - La clase "es.deusto.server.IServer" no tiene MetaData o annotaciones.
17:09:58,900 (main) DEBUG [DataNucleus.MetaData] - No encontramos el MetaData del tipo "jdo" por la clase "es.deusto.client.App" en /META-INF/package.jdo
17:09:58,900 (main) DEBUG [DataNucleus.MetaData] - No encontramos el MetaData del tipo "jdo" por la clase "es.deusto.client.App" en /WEB-INF/package.jdo
17:09:58,900 (main) DEBUG [DataNucleus.MetaData] - No encontramos el MetaData del tipo "jdo" por la clase "es.deusto.client.App" en /package.jdo
17:09:58,901 (main) DEBUG [DataNucleus.MetaData] - No encontramos el MetaData del tipo "jdo" por la clase "es.deusto.client.App" en /es/package.jdo
17:09:58,901 (main) DEBUG [DataNucleus.MetaData] - No encontramos el MetaData del tipo "jdo" por la clase "es.deusto.client.App" en /es/deusto/package.jdo
17:09:58,901 (main) DEBUG [DataNucleus.MetaData] - No encontramos el MetaData del tipo "jdo" por la clase "es.deusto.client.App" en /es/deusto/client/package.jdo
17:09:58,901 (main) DEBUG [DataNucleus.MetaData] - No encontramos el MetaData del tipo "jdo" por la clase "es.deusto.client.App" en /es/deusto/client/App.jdo
17:09:58,901 (main) DEBUG [DataNucleus.MetaData] - No hemos encontrado el MetaData del tipo "jdo" por la clase "es.deusto.client.App"
17:09:58,901 (main) DEBUG [DataNucleus.MetaData] - Registrando la clase "es.deusto.client.App" no tener Meta-Data
17:09:58,901 (main) DEBUG [DataNucleus.MetaData] - La clase "es.deusto.client.App" no tiene MetaData o annotaciones.
17:09:58,902 (main) DEBUG [DataNucleus.MetaData] - Populación del MetaData ...
17:09:58,902 (main) DEBUG [DataNucleus.MetaData] - Clase "es.deusto.server.jdo.User" : Populando Meta-Data
17:09:58,902 (main) DEBUG [DataNucleus.MetaData] - Clase "es.deusto.server.jdo.User" campo "password" : añadiendo el Meta-Data por el campo como no estaba en la definición de Meta-Data.
17:09:58,904 (main) DEBUG [DataNucleus.MetaData] - Inicialisación del MetaData ...
17:09:58,904 (main) DEBUG [DataNucleus.MetaData] - Clase "es.deusto.server.jdo.User" : Inicializando Meta-Data
17:09:58,905 (main) DEBUG [DataNucleus.MetaData] - MetaData Management : Carga de Metadata ya ha terminado
17:09:58,907 (main) DEBUG [DataNucleus.Enhancer] - Enhance de la clase "es.deusto.server.jdo.User" empezando ...
17:09:58,918 (main) INFO  [DataNucleus.Enhancer] - La clase "es.deusto.server.jdo.User" esta enhanced.
17:09:58,918 (main) INFO  [DataNucleus.Enhancer] - ENHANCED (Persistable) : es.deusto.server.jdo.User
17:09:58,918 (main) DEBUG [DataNucleus.Enhancer] - Enhance de la clase "es.deusto.server.jdo.User" ha terminado
17:09:58,919 (main) INFO  [DataNucleus.Enhancer] - DataNucleus Enhancer ha terminado con exito para 1 clases. Tiempos : input=46 ms, enhance=13 ms, total=59 ms. Compruebe el LOG para los detalles
17:10:06,817 (main) DEBUG [DataNucleus.General] - Using PluginRegistry org.datanucleus.plugin.NonManagedPluginRegistry
17:10:06,855 (main) DEBUG [DataNucleus.General] - Registering bundle org.sonatype.inject version 2.3.0 at URL file:/home/albertofdr/.m2/repository/org/sonatype/sisu/sisu-inject-bean/2.3.0/sisu-inject-bean-2.3.0.jar.
17:10:06,894 (main) DEBUG [DataNucleus.General] - Leyendo extension-points y extensiones del archivo de plug-in jar:file:/home/albertofdr/.m2/repository/org/sonatype/sisu/sisu-inject-bean/2.3.0/sisu-inject-bean-2.3.0.jar!/plugin.xml.
17:10:06,899 (main) DEBUG [DataNucleus.General] - Registering bundle org.datanucleus version 5.2.0.release at URL file:/home/albertofdr/.m2/repository/org/datanucleus/datanucleus-core/5.2.0-release/datanucleus-core-5.2.0-release.jar.
17:10:06,904 (main) DEBUG [DataNucleus.General] - Leyendo extension-points y extensiones del archivo de plug-in jar:file:/home/albertofdr/.m2/repository/org/datanucleus/datanucleus-core/5.2.0-release/datanucleus-core-5.2.0-release.jar!/plugin.xml.
17:10:06,919 (main) DEBUG [DataNucleus.General] - Registering bundle org.datanucleus.api.jdo version 5.2.0.release at URL file:/home/albertofdr/.m2/repository/org/datanucleus/datanucleus-api-jdo/5.2.0-release/datanucleus-api-jdo-5.2.0-release.jar.
17:10:06,932 (main) DEBUG [DataNucleus.General] - Leyendo extension-points y extensiones del archivo de plug-in jar:file:/home/albertofdr/.m2/repository/org/datanucleus/datanucleus-api-jdo/5.2.0-release/datanucleus-api-jdo-5.2.0-release.jar!/plugin.xml.
17:10:06,936 (main) DEBUG [DataNucleus.General] - Registering bundle org.datanucleus.store.rdbms version 5.2.0.release at URL file:/home/albertofdr/.m2/repository/org/datanucleus/datanucleus-rdbms/5.2.0-release/datanucleus-rdbms-5.2.0-release.jar.
17:10:06,941 (main) DEBUG [DataNucleus.General] - Leyendo extension-points y extensiones del archivo de plug-in jar:file:/home/albertofdr/.m2/repository/org/datanucleus/datanucleus-rdbms/5.2.0-release/datanucleus-rdbms-5.2.0-release.jar!/plugin.xml.
17:10:06,965 (main) DEBUG [DataNucleus.Persistence] - Tipos de Java inicializando ...
17:10:06,999 (main) DEBUG [DataNucleus.Persistence] - Soporte para tipos de Java listo : tipos soportados = [B, [C, [D, [F, [I, [J, [Ljava.lang.Boolean;, [Ljava.lang.Byte;, [Ljava.lang.Character;, [Ljava.lang.Double;, [Ljava.lang.Enum;, [Ljava.lang.Float;, [Ljava.lang.Integer;, [Ljava.lang.Long;, [Ljava.lang.Number;, [Ljava.lang.Object;, [Ljava.lang.Short;, [Ljava.lang.String;, [Ljava.math.BigDecimal;, [Ljava.math.BigInteger;, [Ljava.util.Date;, [Ljava.util.Locale;, [S, [Z, boolean, byte, char, double, float, int, java.awt.Color, java.awt.image.BufferedImage, java.lang.Boolean, java.lang.Byte, java.lang.Character, java.lang.Class, java.lang.Double, java.lang.Enum, java.lang.Float, java.lang.Integer, java.lang.Long, java.lang.Number, java.lang.Short, java.lang.String, java.lang.StringBuffer, java.lang.StringBuilder, java.math.BigDecimal, java.math.BigInteger, java.net.URI, java.net.URL, java.sql.Date, java.sql.Time, java.sql.Timestamp, java.time.Duration, java.time.Instant, java.time.LocalDate, java.time.LocalDateTime, java.time.LocalTime, java.time.MonthDay, java.time.OffsetDateTime, java.time.OffsetTime, java.time.Period, java.time.Year, java.time.YearMonth, java.time.ZonedDateTime, java.time.ZoneId, java.time.ZoneOffset, java.util.ArrayList, java.util.Arrays$ArrayList, java.util.BitSet, java.util.Calendar, java.util.Collection, java.util.Currency, java.util.Date, java.util.GregorianCalendar, java.util.HashMap, java.util.HashSet, java.util.Hashtable, java.util.LinkedHashMap, java.util.LinkedHashSet, java.util.LinkedList, java.util.List, java.util.Locale, java.util.Map, java.util.Optional, java.util.PriorityQueue, java.util.Properties, java.util.Queue, java.util.Set, java.util.SortedMap, java.util.SortedSet, java.util.Stack, java.util.TimeZone, java.util.TreeMap, java.util.TreeSet, java.util.UUID, java.util.Vector, long, short
17:10:06,999 (main) DEBUG [DataNucleus.Persistence] - Inicializando TypeConverters ...
17:10:07,017 (main) DEBUG [DataNucleus.Persistence] - TypeConverters listo
17:10:07,018 (main) DEBUG [DataNucleus.Persistence] - TypeConverter(s) available for byte[] to : java.nio.ByteBuffer
17:10:07,018 (main) DEBUG [DataNucleus.Persistence] - TypeConverter(s) available for char[] to : java.nio.ByteBuffer
17:10:07,018 (main) DEBUG [DataNucleus.Persistence] - TypeConverter(s) available for double[] to : java.nio.ByteBuffer
17:10:07,018 (main) DEBUG [DataNucleus.Persistence] - TypeConverter(s) available for float[] to : java.nio.ByteBuffer
17:10:07,018 (main) DEBUG [DataNucleus.Persistence] - TypeConverter(s) available for int[] to : java.nio.ByteBuffer
17:10:07,018 (main) DEBUG [DataNucleus.Persistence] - TypeConverter(s) available for long[] to : java.nio.ByteBuffer
17:10:07,018 (main) DEBUG [DataNucleus.Persistence] - TypeConverter(s) available for [Ljava.math.BigDecimal; to : java.nio.ByteBuffer
17:10:07,018 (main) DEBUG [DataNucleus.Persistence] - TypeConverter(s) available for [Ljava.math.BigInteger; to : java.nio.ByteBuffer
17:10:07,018 (main) DEBUG [DataNucleus.Persistence] - TypeConverter(s) available for short[] to : java.nio.ByteBuffer
17:10:07,018 (main) DEBUG [DataNucleus.Persistence] - TypeConverter(s) available for boolean[] to : java.nio.ByteBuffer
17:10:07,018 (main) DEBUG [DataNucleus.Persistence] - TypeConverter(s) available for java.awt.Color to : java.lang.String,int[]
17:10:07,018 (main) DEBUG [DataNucleus.Persistence] - TypeConverter(s) available for java.awt.image.BufferedImage to : byte[],java.nio.ByteBuffer
17:10:07,018 (main) DEBUG [DataNucleus.Persistence] - TypeConverter(s) available for java.io.Serializable to : byte[],java.lang.String,java.nio.ByteBuffer
17:10:07,019 (main) DEBUG [DataNucleus.Persistence] - TypeConverter(s) available for java.lang.Boolean to : java.lang.Character,java.lang.Integer
17:10:07,019 (main) DEBUG [DataNucleus.Persistence] - TypeConverter(s) available for java.lang.Character to : java.lang.String
17:10:07,019 (main) DEBUG [DataNucleus.Persistence] - TypeConverter(s) available for java.lang.Class to : java.lang.String
17:10:07,019 (main) DEBUG [DataNucleus.Persistence] - TypeConverter(s) available for java.lang.Integer to : java.lang.String
17:10:07,019 (main) DEBUG [DataNucleus.Persistence] - TypeConverter(s) available for java.lang.Long to : java.lang.String
17:10:07,019 (main) DEBUG [DataNucleus.Persistence] - TypeConverter(s) available for java.lang.StringBuffer to : java.lang.String
17:10:07,019 (main) DEBUG [DataNucleus.Persistence] - TypeConverter(s) available for java.lang.StringBuilder to : java.lang.String
17:10:07,019 (main) DEBUG [DataNucleus.Persistence] - TypeConverter(s) available for java.math.BigDecimal to : java.lang.Double,java.lang.String
17:10:07,019 (main) DEBUG [DataNucleus.Persistence] - TypeConverter(s) available for java.math.BigInteger to : java.lang.String,java.lang.Long
17:10:07,019 (main) DEBUG [DataNucleus.Persistence] - TypeConverter(s) available for java.net.URI to : java.lang.String
17:10:07,019 (main) DEBUG [DataNucleus.Persistence] - TypeConverter(s) available for java.net.URL to : java.lang.String
17:10:07,019 (main) DEBUG [DataNucleus.Persistence] - TypeConverter(s) available for java.sql.Date to : java.util.Date,java.lang.String,java.lang.Long
17:10:07,019 (main) DEBUG [DataNucleus.Persistence] - TypeConverter(s) available for java.sql.Time to : java.util.Date,java.lang.String,java.lang.Long
17:10:07,019 (main) DEBUG [DataNucleus.Persistence] - TypeConverter(s) available for java.sql.Timestamp to : java.util.Date,java.lang.String,java.lang.Long
17:10:07,019 (main) DEBUG [DataNucleus.Persistence] - TypeConverter(s) available for java.time.Duration to : java.lang.Double,java.lang.String,java.lang.Long
17:10:07,019 (main) DEBUG [DataNucleus.Persistence] - TypeConverter(s) available for java.time.Instant to : java.sql.Timestamp,java.util.Date,java.lang.String,java.lang.Long
17:10:07,019 (main) DEBUG [DataNucleus.Persistence] - TypeConverter(s) available for java.time.LocalDate to : java.util.Date,java.lang.String,java.sql.Date
17:10:07,019 (main) DEBUG [DataNucleus.Persistence] - TypeConverter(s) available for java.time.LocalDateTime to : java.sql.Timestamp,java.util.Date,java.lang.String
17:10:07,019 (main) DEBUG [DataNucleus.Persistence] - TypeConverter(s) available for java.time.LocalTime to : java.util.Date,java.sql.Time,java.lang.String,java.lang.Long
17:10:07,019 (main) DEBUG [DataNucleus.Persistence] - TypeConverter(s) available for java.time.MonthDay to : java.util.Date,java.lang.String,java.sql.Date,int[]
17:10:07,020 (main) DEBUG [DataNucleus.Persistence] - TypeConverter(s) available for java.time.OffsetDateTime to : java.sql.Timestamp,java.util.Date,java.lang.String
17:10:07,020 (main) DEBUG [DataNucleus.Persistence] - TypeConverter(s) available for java.time.OffsetTime to : java.sql.Time,java.lang.String,java.lang.Long
17:10:07,020 (main) DEBUG [DataNucleus.Persistence] - TypeConverter(s) available for java.time.Period to : java.lang.String,int[]
17:10:07,020 (main) DEBUG [DataNucleus.Persistence] - TypeConverter(s) available for java.time.Year to : java.lang.Integer,java.lang.String
17:10:07,020 (main) DEBUG [DataNucleus.Persistence] - TypeConverter(s) available for java.time.YearMonth to : java.util.Date,java.lang.String,java.sql.Date,int[]
17:10:07,020 (main) DEBUG [DataNucleus.Persistence] - TypeConverter(s) available for java.time.ZonedDateTime to : java.sql.Timestamp,java.lang.String
17:10:07,020 (main) DEBUG [DataNucleus.Persistence] - TypeConverter(s) available for java.time.ZoneId to : java.lang.String
17:10:07,020 (main) DEBUG [DataNucleus.Persistence] - TypeConverter(s) available for java.time.ZoneOffset to : java.lang.String
17:10:07,020 (main) DEBUG [DataNucleus.Persistence] - TypeConverter(s) available for java.util.BitSet to : java.lang.String
17:10:07,020 (main) DEBUG [DataNucleus.Persistence] - TypeConverter(s) available for java.util.Calendar to : java.sql.Timestamp,java.util.Date,java.lang.String,[Ljava.lang.Object;
17:10:07,020 (main) DEBUG [DataNucleus.Persistence] - TypeConverter(s) available for java.util.Currency to : java.lang.String
17:10:07,020 (main) DEBUG [DataNucleus.Persistence] - TypeConverter(s) available for java.util.Date to : java.lang.String,java.lang.Long
17:10:07,020 (main) DEBUG [DataNucleus.Persistence] - TypeConverter(s) available for java.util.Locale to : java.lang.String
17:10:07,020 (main) DEBUG [DataNucleus.Persistence] - TypeConverter(s) available for java.util.TimeZone to : java.lang.String
17:10:07,020 (main) DEBUG [DataNucleus.Persistence] - TypeConverter(s) available for java.util.UUID to : java.lang.String
17:10:07,021 (main) DEBUG [DataNucleus.MetaData] - MetaDataManager : Input=(XML,Annotations), XML-Validation=false, XML-Suffices=(persistence=*.jdo, orm=orm, query=*.jdoquery), JDO-listener=false
17:10:07,022 (main) INFO  [DataNucleus.Enhancer] - DataNucleus Enhancer (versión 5.2.0.release) para el API "JDO" utilisando el JRE "{2}"
17:10:07,022 (main) DEBUG [DataNucleus.Enhancer] - DataNucleus Enhancer : Classpath
17:10:07,022 (main) DEBUG [DataNucleus.Enhancer] - >>  /home/albertofdr/.m2/repository/org/datanucleus/datanucleus-maven-plugin/5.0.2/datanucleus-maven-plugin-5.0.2.jar
17:10:07,022 (main) DEBUG [DataNucleus.Enhancer] - >>  /home/albertofdr/.m2/repository/org/codehaus/plexus/plexus-utils/3.0.8/plexus-utils-3.0.8.jar
17:10:07,022 (main) DEBUG [DataNucleus.Enhancer] - >>  /home/albertofdr/.m2/repository/org/apache/maven/maven-artifact/3.0.4/maven-artifact-3.0.4.jar
17:10:07,022 (main) DEBUG [DataNucleus.Enhancer] - >>  /home/albertofdr/.m2/repository/org/apache/maven/maven-plugin-api/3.0.4/maven-plugin-api-3.0.4.jar
17:10:07,022 (main) DEBUG [DataNucleus.Enhancer] - >>  /home/albertofdr/.m2/repository/org/apache/maven/maven-model/3.0.4/maven-model-3.0.4.jar
17:10:07,022 (main) DEBUG [DataNucleus.Enhancer] - >>  /home/albertofdr/.m2/repository/org/sonatype/sisu/sisu-inject-plexus/2.3.0/sisu-inject-plexus-2.3.0.jar
17:10:07,023 (main) DEBUG [DataNucleus.Enhancer] - >>  /home/albertofdr/.m2/repository/org/codehaus/plexus/plexus-component-annotations/1.5.5/plexus-component-annotations-1.5.5.jar
17:10:07,023 (main) DEBUG [DataNucleus.Enhancer] - >>  /home/albertofdr/.m2/repository/org/sonatype/sisu/sisu-inject-bean/2.3.0/sisu-inject-bean-2.3.0.jar
17:10:07,023 (main) DEBUG [DataNucleus.Enhancer] - >>  /home/albertofdr/.m2/repository/org/sonatype/sisu/sisu-guice/3.1.0/sisu-guice-3.1.0-no_aop.jar
17:10:07,023 (main) DEBUG [DataNucleus.Enhancer] - >>  /home/albertofdr/.m2/repository/org/sonatype/sisu/sisu-guava/0.9.9/sisu-guava-0.9.9.jar
17:10:07,023 (main) DEBUG [DataNucleus.Enhancer] - >>  /home/albertofdr/.m2/repository/org/codehaus/plexus/plexus-container-default/1.5.5/plexus-container-default-1.5.5.jar
17:10:07,023 (main) DEBUG [DataNucleus.Enhancer] - >>  /home/albertofdr/.m2/repository/org/codehaus/plexus/plexus-classworlds/2.2.2/plexus-classworlds-2.2.2.jar
17:10:07,023 (main) DEBUG [DataNucleus.Enhancer] - >>  /home/albertofdr/.m2/repository/org/apache/xbean/xbean-reflect/3.4/xbean-reflect-3.4.jar
17:10:07,023 (main) DEBUG [DataNucleus.Enhancer] - >>  /home/albertofdr/.m2/repository/log4j/log4j/1.2.12/log4j-1.2.12.jar
17:10:07,023 (main) DEBUG [DataNucleus.Enhancer] - >>  /home/albertofdr/.m2/repository/commons-logging/commons-logging-api/1.1/commons-logging-api-1.1.jar
17:10:07,023 (main) DEBUG [DataNucleus.Enhancer] - >>  /home/albertofdr/.m2/repository/com/google/collections/google-collections/1.0/google-collections-1.0.jar
17:10:07,023 (main) DEBUG [DataNucleus.Enhancer] - >>  /home/albertofdr/.m2/repository/junit/junit/3.8.2/junit-3.8.2.jar
17:10:07,023 (main) DEBUG [DataNucleus.Enhancer] - >>  /home/albertofdr/git/BSPQ19-E3/target/classes
17:10:07,023 (main) DEBUG [DataNucleus.Enhancer] - >>  /home/albertofdr/.m2/repository/org/datanucleus/datanucleus-core/5.2.0-release/datanucleus-core-5.2.0-release.jar
17:10:07,023 (main) DEBUG [DataNucleus.Enhancer] - >>  /home/albertofdr/.m2/repository/org/datanucleus/datanucleus-api-jdo/5.2.0-release/datanucleus-api-jdo-5.2.0-release.jar
17:10:07,024 (main) DEBUG [DataNucleus.Enhancer] - >>  /home/albertofdr/.m2/repository/org/datanucleus/datanucleus-rdbms/5.2.0-release/datanucleus-rdbms-5.2.0-release.jar
17:10:07,024 (main) DEBUG [DataNucleus.Enhancer] - >>  /home/albertofdr/.m2/repository/org/datanucleus/javax.jdo/3.2.0-m11/javax.jdo-3.2.0-m11.jar
17:10:07,024 (main) DEBUG [DataNucleus.Enhancer] - >>  /home/albertofdr/.m2/repository/javax/transaction/transaction-api/1.1/transaction-api-1.1.jar
17:10:07,024 (main) DEBUG [DataNucleus.Enhancer] - >>  /home/albertofdr/.m2/repository/mysql/mysql-connector-java/8.0.15/mysql-connector-java-8.0.15.jar
17:10:07,024 (main) DEBUG [DataNucleus.Enhancer] - >>  /home/albertofdr/.m2/repository/com/google/protobuf/protobuf-java/3.6.1/protobuf-java-3.6.1.jar
17:10:07,024 (main) DEBUG [DataNucleus.Enhancer] - >>  /home/albertofdr/.m2/repository/log4j/log4j/1.2.17/log4j-1.2.17.jar
17:10:07,024 (main) DEBUG [DataNucleus.Enhancer] - Enhancing classes
17:10:07,030 (main) DEBUG [DataNucleus.MetaData] - MetaData Management : Carga de Metadata de las clases "[es.deusto.server.Server, es.deusto.server.jdo.Main, es.deusto.server.jdo.User, es.deusto.server.IServer, es.deusto.client.App]" ...
17:10:07,033 (main) DEBUG [DataNucleus.MetaData] - No encontramos el MetaData del tipo "jdo" por la clase "es.deusto.server.Server" en /META-INF/package.jdo
17:10:07,033 (main) DEBUG [DataNucleus.MetaData] - No encontramos el MetaData del tipo "jdo" por la clase "es.deusto.server.Server" en /WEB-INF/package.jdo
17:10:07,033 (main) DEBUG [DataNucleus.MetaData] - No encontramos el MetaData del tipo "jdo" por la clase "es.deusto.server.Server" en /package.jdo
17:10:07,033 (main) DEBUG [DataNucleus.MetaData] - No encontramos el MetaData del tipo "jdo" por la clase "es.deusto.server.Server" en /es/package.jdo
17:10:07,034 (main) DEBUG [DataNucleus.MetaData] - No encontramos el MetaData del tipo "jdo" por la clase "es.deusto.server.Server" en /es/deusto/package.jdo
17:10:07,034 (main) DEBUG [DataNucleus.MetaData] - No encontramos el MetaData del tipo "jdo" por la clase "es.deusto.server.Server" en /es/deusto/server/package.jdo
17:10:07,034 (main) DEBUG [DataNucleus.MetaData] - No encontramos el MetaData del tipo "jdo" por la clase "es.deusto.server.Server" en /es/deusto/server/Server.jdo
17:10:07,034 (main) DEBUG [DataNucleus.MetaData] - No hemos encontrado el MetaData del tipo "jdo" por la clase "es.deusto.server.Server"
17:10:07,034 (main) DEBUG [DataNucleus.MetaData] - Registrando la clase "es.deusto.server.Server" no tener Meta-Data
17:10:07,034 (main) DEBUG [DataNucleus.MetaData] - La clase "es.deusto.server.Server" no tiene MetaData o annotaciones.
17:10:07,035 (main) DEBUG [DataNucleus.MetaData] - No encontramos el MetaData del tipo "jdo" por la clase "es.deusto.server.jdo.Main" en /META-INF/package.jdo
17:10:07,035 (main) DEBUG [DataNucleus.MetaData] - No encontramos el MetaData del tipo "jdo" por la clase "es.deusto.server.jdo.Main" en /WEB-INF/package.jdo
17:10:07,035 (main) DEBUG [DataNucleus.MetaData] - No encontramos el MetaData del tipo "jdo" por la clase "es.deusto.server.jdo.Main" en /package.jdo
17:10:07,035 (main) DEBUG [DataNucleus.MetaData] - No encontramos el MetaData del tipo "jdo" por la clase "es.deusto.server.jdo.Main" en /es/package.jdo
17:10:07,036 (main) DEBUG [DataNucleus.MetaData] - No encontramos el MetaData del tipo "jdo" por la clase "es.deusto.server.jdo.Main" en /es/deusto/package.jdo
17:10:07,036 (main) DEBUG [DataNucleus.MetaData] - No encontramos el MetaData del tipo "jdo" por la clase "es.deusto.server.jdo.Main" en /es/deusto/server/package.jdo
17:10:07,036 (main) DEBUG [DataNucleus.MetaData] - No encontramos el MetaData del tipo "jdo" por la clase "es.deusto.server.jdo.Main" en /es/deusto/server/jdo/package.jdo
17:10:07,036 (main) DEBUG [DataNucleus.MetaData] - No encontramos el MetaData del tipo "jdo" por la clase "es.deusto.server.jdo.Main" en /es/deusto/server/jdo/Main.jdo
17:10:07,036 (main) DEBUG [DataNucleus.MetaData] - No hemos encontrado el MetaData del tipo "jdo" por la clase "es.deusto.server.jdo.Main"
17:10:07,037 (main) DEBUG [DataNucleus.MetaData] - Registrando la clase "es.deusto.server.jdo.Main" no tener Meta-Data
17:10:07,037 (main) DEBUG [DataNucleus.MetaData] - La clase "es.deusto.server.jdo.Main" no tiene MetaData o annotaciones.
17:10:07,059 (main) DEBUG [DataNucleus.MetaData] - Clase "es.deusto.server.jdo.User" tiene anotaciones de JDO y vamos a usarlas.
17:10:07,064 (main) DEBUG [DataNucleus.MetaData] - No encontramos el MetaData del tipo "jdo" por la clase "es.deusto.server.IServer" en /META-INF/package.jdo
17:10:07,064 (main) DEBUG [DataNucleus.MetaData] - No encontramos el MetaData del tipo "jdo" por la clase "es.deusto.server.IServer" en /WEB-INF/package.jdo
17:10:07,064 (main) DEBUG [DataNucleus.MetaData] - No encontramos el MetaData del tipo "jdo" por la clase "es.deusto.server.IServer" en /package.jdo
17:10:07,064 (main) DEBUG [DataNucleus.MetaData] - No encontramos el MetaData del tipo "jdo" por la clase "es.deusto.server.IServer" en /es/package.jdo
17:10:07,064 (main) DEBUG [DataNucleus.MetaData] - No encontramos el MetaData del tipo "jdo" por la clase "es.deusto.server.IServer" en /es/deusto/package.jdo
17:10:07,064 (main) DEBUG [DataNucleus.MetaData] - No encontramos el MetaData del tipo "jdo" por la clase "es.deusto.server.IServer" en /es/deusto/server/package.jdo
17:10:07,065 (main) DEBUG [DataNucleus.MetaData] - No encontramos el MetaData del tipo "jdo" por la clase "es.deusto.server.IServer" en /es/deusto/server/IServer.jdo
17:10:07,065 (main) DEBUG [DataNucleus.MetaData] - No hemos encontrado el MetaData del tipo "jdo" por la clase "es.deusto.server.IServer"
17:10:07,065 (main) DEBUG [DataNucleus.MetaData] - Registrando la clase "es.deusto.server.IServer" no tener Meta-Data
17:10:07,065 (main) DEBUG [DataNucleus.MetaData] - La clase "es.deusto.server.IServer" no tiene MetaData o annotaciones.
17:10:07,065 (main) DEBUG [DataNucleus.MetaData] - No encontramos el MetaData del tipo "jdo" por la clase "es.deusto.client.App" en /META-INF/package.jdo
17:10:07,065 (main) DEBUG [DataNucleus.MetaData] - No encontramos el MetaData del tipo "jdo" por la clase "es.deusto.client.App" en /WEB-INF/package.jdo
17:10:07,065 (main) DEBUG [DataNucleus.MetaData] - No encontramos el MetaData del tipo "jdo" por la clase "es.deusto.client.App" en /package.jdo
17:10:07,066 (main) DEBUG [DataNucleus.MetaData] - No encontramos el MetaData del tipo "jdo" por la clase "es.deusto.client.App" en /es/package.jdo
17:10:07,066 (main) DEBUG [DataNucleus.MetaData] - No encontramos el MetaData del tipo "jdo" por la clase "es.deusto.client.App" en /es/deusto/package.jdo
17:10:07,066 (main) DEBUG [DataNucleus.MetaData] - No encontramos el MetaData del tipo "jdo" por la clase "es.deusto.client.App" en /es/deusto/client/package.jdo
17:10:07,066 (main) DEBUG [DataNucleus.MetaData] - No encontramos el MetaData del tipo "jdo" por la clase "es.deusto.client.App" en /es/deusto/client/App.jdo
17:10:07,067 (main) DEBUG [DataNucleus.MetaData] - No hemos encontrado el MetaData del tipo "jdo" por la clase "es.deusto.client.App"
17:10:07,067 (main) DEBUG [DataNucleus.MetaData] - Registrando la clase "es.deusto.client.App" no tener Meta-Data
17:10:07,067 (main) DEBUG [DataNucleus.MetaData] - La clase "es.deusto.client.App" no tiene MetaData o annotaciones.
17:10:07,067 (main) DEBUG [DataNucleus.MetaData] - Populación del MetaData ...
17:10:07,067 (main) DEBUG [DataNucleus.MetaData] - Clase "es.deusto.server.jdo.User" : Populando Meta-Data
17:10:07,068 (main) DEBUG [DataNucleus.MetaData] - Clase "es.deusto.server.jdo.User" campo "password" : añadiendo el Meta-Data por el campo como no estaba en la definición de Meta-Data.
17:10:07,069 (main) DEBUG [DataNucleus.MetaData] - Inicialisación del MetaData ...
17:10:07,069 (main) DEBUG [DataNucleus.MetaData] - Clase "es.deusto.server.jdo.User" : Inicializando Meta-Data
17:10:07,070 (main) DEBUG [DataNucleus.MetaData] - MetaData Management : Carga de Metadata ya ha terminado
17:10:07,072 (main) DEBUG [DataNucleus.Enhancer] - Enhance de la clase "es.deusto.server.jdo.User" empezando ...
17:10:07,083 (main) DEBUG [DataNucleus.Enhancer] - La clase "es.deusto.server.jdo.User" no implementa el interfaz "org.datanucleus.enhancement.Persistable"!
17:10:07,084 (main) DEBUG [DataNucleus.Enhancer] - La clase "es.deusto.server.jdo.User" no tiene el campo "dnStateManager" pero lo necesita
17:10:07,084 (main) DEBUG [DataNucleus.Enhancer] - La clase "es.deusto.server.jdo.User" no tiene el campo "dnInheritedFieldCount" pero lo necesita
17:10:07,084 (main) DEBUG [DataNucleus.Enhancer] - La clase "es.deusto.server.jdo.User" no tiene el campo "dnFlags" pero lo necesita
17:10:07,084 (main) DEBUG [DataNucleus.Enhancer] - La clase "es.deusto.server.jdo.User" no tiene el campo "dnFieldNames" pero lo necesita
17:10:07,084 (main) DEBUG [DataNucleus.Enhancer] - La clase "es.deusto.server.jdo.User" no tiene el metodo "dnReplaceField" pero lo necesita
17:10:07,084 (main) DEBUG [DataNucleus.Enhancer] - La clase "es.deusto.server.jdo.User" no tiene el metodo "dnGetStateManager" pero lo necesita
17:10:07,084 (main) DEBUG [DataNucleus.Enhancer] - La clase "es.deusto.server.jdo.User" no tiene el metodo "dnIsTransactional" pero lo necesita
17:10:07,084 (main) DEBUG [DataNucleus.Enhancer] - La clase "es.deusto.server.jdo.User" no tiene el metodo "dnNewInstance" pero lo necesita
17:10:07,084 (main) DEBUG [DataNucleus.Enhancer] - La clase "es.deusto.server.jdo.User" no tiene el metodo "dnNewInstance" pero lo necesita
17:10:07,084 (main) DEBUG [DataNucleus.Enhancer] - La clase "es.deusto.server.jdo.User" no tiene el metodo "dnProvideFields" pero lo necesita
17:10:07,084 (main) DEBUG [DataNucleus.Enhancer] - La clase "es.deusto.server.jdo.User" no tiene el metodo "___dn$loadClass" pero lo necesita
17:10:07,084 (main) DEBUG [DataNucleus.Enhancer] - La clase "es.deusto.server.jdo.User" no tiene el metodo "dnGetManagedFieldCount" pero lo necesita
17:10:07,084 (main) DEBUG [DataNucleus.Enhancer] - La clase "es.deusto.server.jdo.User" no tiene el metodo "dnIsDirty" pero lo necesita
17:10:07,084 (main) DEBUG [DataNucleus.Enhancer] - La clase "es.deusto.server.jdo.User" no tiene el metodo "dnReplaceStateManager" pero lo necesita
17:10:07,084 (main) DEBUG [DataNucleus.Enhancer] - La clase "es.deusto.server.jdo.User" no tiene el metodo "dnReplaceFlags" pero lo necesita
17:10:07,084 (main) DEBUG [DataNucleus.Enhancer] - La clase "es.deusto.server.jdo.User" no tiene el metodo "dnIsDetached" pero lo necesita
17:10:07,084 (main) DEBUG [DataNucleus.Enhancer] - La clase "es.deusto.server.jdo.User" no tiene el metodo "dnMakeDirty" pero lo necesita
17:10:07,084 (main) DEBUG [DataNucleus.Enhancer] - La clase "es.deusto.server.jdo.User" no tiene el metodo "dnIsDeleted" pero lo necesita
17:10:07,084 (main) DEBUG [DataNucleus.Enhancer] - La clase "es.deusto.server.jdo.User" no tiene el metodo "dnProvideField" pero lo necesita
17:10:07,084 (main) DEBUG [DataNucleus.Enhancer] - La clase "es.deusto.server.jdo.User" no tiene el metodo "dnPreSerialize" pero lo necesita
17:10:07,084 (main) DEBUG [DataNucleus.Enhancer] - La clase "es.deusto.server.jdo.User" no tiene el metodo "dnGetObjectId" pero lo necesita
17:10:07,084 (main) DEBUG [DataNucleus.Enhancer] - La clase "es.deusto.server.jdo.User" no tiene el metodo "dnGetVersion" pero lo necesita
17:10:07,084 (main) DEBUG [DataNucleus.Enhancer] - La clase "es.deusto.server.jdo.User" no tiene el metodo "dnGetTransactionalObjectId" pero lo necesita
17:10:07,084 (main) DEBUG [DataNucleus.Enhancer] - La clase "es.deusto.server.jdo.User" no tiene el metodo "dnIsNew" pero lo necesita
17:10:07,084 (main) DEBUG [DataNucleus.Enhancer] - La clase "es.deusto.server.jdo.User" no tiene el metodo "dnCopyKeyFieldsToObjectId" pero lo necesita
17:10:07,085 (main) DEBUG [DataNucleus.Enhancer] - La clase "es.deusto.server.jdo.User" no tiene el metodo "dnCopyKeyFieldsToObjectId" pero lo necesita
17:10:07,085 (main) DEBUG [DataNucleus.Enhancer] - La clase "es.deusto.server.jdo.User" no tiene el metodo "dnCopyField" pero lo necesita
17:10:07,085 (main) DEBUG [DataNucleus.Enhancer] - La clase "es.deusto.server.jdo.User" no tiene el metodo "dnCopyKeyFieldsFromObjectId" pero lo necesita
17:10:07,085 (main) DEBUG [DataNucleus.Enhancer] - La clase "es.deusto.server.jdo.User" no tiene el metodo "dnCopyKeyFieldsFromObjectId" pero lo necesita
17:10:07,085 (main) DEBUG [DataNucleus.Enhancer] - La clase "es.deusto.server.jdo.User" no tiene el metodo "dnGetExecutionContext" pero lo necesita
17:10:07,085 (main) DEBUG [DataNucleus.Enhancer] - La clase "es.deusto.server.jdo.User" no tiene el metodo "dnCopyFields" pero lo necesita
17:10:07,085 (main) DEBUG [DataNucleus.Enhancer] - La clase "es.deusto.server.jdo.User" no tiene el metodo "__dnGetInheritedFieldCount" pero lo necesita
17:10:07,085 (main) DEBUG [DataNucleus.Enhancer] - La clase "es.deusto.server.jdo.User" no tiene el metodo "dnNewObjectIdInstance" pero lo necesita
17:10:07,085 (main) DEBUG [DataNucleus.Enhancer] - La clase "es.deusto.server.jdo.User" no tiene el metodo "dnNewObjectIdInstance" pero lo necesita
17:10:07,085 (main) DEBUG [DataNucleus.Enhancer] - La clase "es.deusto.server.jdo.User" no tiene el metodo "dnIsPersistent" pero lo necesita
17:10:07,085 (main) DEBUG [DataNucleus.Enhancer] - La clase "es.deusto.server.jdo.User" no tiene el metodo "dnReplaceFields" pero lo necesita
17:10:07,085 (main) DEBUG [DataNucleus.Enhancer] - La clase "es.deusto.server.jdo.User" no tiene el metodo "__dnFieldNamesInit" pero lo necesita
17:10:07,092 (main) DEBUG [DataNucleus.Enhancer] - Agregando el interfaz: org.datanucleus.enhancement.Persistable
17:10:07,094 (main) DEBUG [DataNucleus.Enhancer] - Enhancing metodo original es.deusto.server.jdo.User.<init> : ignorando enhance de set del campo "es.deusto.server.jdo.User.login"
17:10:07,094 (main) DEBUG [DataNucleus.Enhancer] - Enhancing metodo original es.deusto.server.jdo.User.<init> : ignorando enhance de set del campo "es.deusto.server.jdo.User.password"
17:10:07,094 (main) DEBUG [DataNucleus.Enhancer] - Enhancing metodo original es.deusto.server.jdo.User.<init> : ignorando enhance de set del campo "es.deusto.server.jdo.User.login"
17:10:07,095 (main) DEBUG [DataNucleus.Enhancer] - Enhancing metodo original es.deusto.server.jdo.User.<init> : ignorando enhance de set del campo "es.deusto.server.jdo.User.password"
17:10:07,095 (main) DEBUG [DataNucleus.Enhancer] - Enhancing metodo original es.deusto.server.jdo.User.getLogin, cambiando el uso del campo "es.deusto.server.jdo.User.login" para utilisar "dnGetlogin()"
17:10:07,095 (main) DEBUG [DataNucleus.Enhancer] - Enhancing metodo original es.deusto.server.jdo.User.getPassword, cambiando el uso del campo "es.deusto.server.jdo.User.password" para utilisar "dnGetpassword()"
17:10:07,095 (main) DEBUG [DataNucleus.Enhancer] - Enhancing metodo original es.deusto.server.jdo.User.setPassword, cambiando el uso del campo "es.deusto.server.jdo.User.password" para utilisar "dnSetpassword()"
17:10:07,095 (main) DEBUG [DataNucleus.Enhancer] - Agregando el campo "org.datanucleus.enhancement.StateManager dnStateManager"
17:10:07,095 (main) DEBUG [DataNucleus.Enhancer] - Agregando el campo "byte dnFlags"
17:10:07,095 (main) DEBUG [DataNucleus.Enhancer] - Agregando el campo "[Ljava.lang.String; dnFieldNames"
17:10:07,095 (main) DEBUG [DataNucleus.Enhancer] - Agregando el campo "int dnInheritedFieldCount"
17:10:07,096 (main) DEBUG [DataNucleus.Enhancer] - Agregando el metodo "void <clinit>()"
17:10:07,096 (main) DEBUG [DataNucleus.Enhancer] - Agregando el constructor "es.deusto.server.jdo.User()"
17:10:07,097 (main) DEBUG [DataNucleus.Enhancer] - Agregando el metodo "void dnCopyKeyFieldsFromObjectId(org.datanucleus.enhancement.Persistable$ObjectIdFieldConsumer fc, java.lang.Object oid)"
17:10:07,097 (main) DEBUG [DataNucleus.Enhancer] - Agregando el metodo "void dnCopyKeyFieldsFromObjectId(java.lang.Object oid)"
17:10:07,097 (main) DEBUG [DataNucleus.Enhancer] - Agregando el metodo "void dnCopyKeyFieldsToObjectId(java.lang.Object oid)"
17:10:07,097 (main) DEBUG [DataNucleus.Enhancer] - Agregando el metodo "void dnCopyKeyFieldsToObjectId(org.datanucleus.enhancement.Persistable$ObjectIdFieldSupplier fs, java.lang.Object oid)"
17:10:07,097 (main) DEBUG [DataNucleus.Enhancer] - Agregando el metodo "java.lang.Object dnGetObjectId()"
17:10:07,097 (main) DEBUG [DataNucleus.Enhancer] - Agregando el metodo "java.lang.Object dnGetVersion()"
17:10:07,097 (main) DEBUG [DataNucleus.Enhancer] - Agregando el metodo "void dnPreSerialize()"
17:10:07,098 (main) DEBUG [DataNucleus.Enhancer] - Agregando el metodo "org.datanucleus.enhancement.ExecutionContextReference dnGetExecutionContext()"
17:10:07,098 (main) DEBUG [DataNucleus.Enhancer] - Agregando el metodo "org.datanucleus.enhancement.StateManager dnGetStateManager()"
17:10:07,098 (main) DEBUG [DataNucleus.Enhancer] - Agregando el metodo "java.lang.Object dnGetTransactionalObjectId()"
17:10:07,098 (main) DEBUG [DataNucleus.Enhancer] - Agregando el metodo "boolean dnIsDeleted()"
17:10:07,098 (main) DEBUG [DataNucleus.Enhancer] - Agregando el metodo "boolean dnIsDirty()"
17:10:07,098 (main) DEBUG [DataNucleus.Enhancer] - Agregando el metodo "boolean dnIsNew()"
17:10:07,098 (main) DEBUG [DataNucleus.Enhancer] - Agregando el metodo "boolean dnIsPersistent()"
17:10:07,098 (main) DEBUG [DataNucleus.Enhancer] - Agregando el metodo "boolean dnIsTransactional()"
17:10:07,099 (main) DEBUG [DataNucleus.Enhancer] - Agregando el metodo "void dnMakeDirty(java.lang.String fieldName)"
17:10:07,099 (main) DEBUG [DataNucleus.Enhancer] - Agregando el metodo "java.lang.Object dnNewObjectIdInstance()"
17:10:07,099 (main) DEBUG [DataNucleus.Enhancer] - Agregando el metodo "java.lang.Object dnNewObjectIdInstance(java.lang.Object key)"
17:10:07,099 (main) DEBUG [DataNucleus.Enhancer] - Agregando el metodo "void dnProvideFields([I indices)"
17:10:07,099 (main) DEBUG [DataNucleus.Enhancer] - Agregando el metodo "void dnReplaceFields([I indices)"
17:10:07,099 (main) DEBUG [DataNucleus.Enhancer] - Agregando el metodo "void dnReplaceFlags()"
17:10:07,100 (main) DEBUG [DataNucleus.Enhancer] - Agregando el metodo "void dnReplaceStateManager(org.datanucleus.enhancement.StateManager sm)"
17:10:07,100 (main) DEBUG [DataNucleus.Enhancer] - Agregando el metodo "boolean dnIsDetached()"
17:10:07,100 (main) DEBUG [DataNucleus.Enhancer] - Agregando el metodo "org.datanucleus.enhancement.Persistable dnNewInstance(org.datanucleus.enhancement.StateManager sm)"
17:10:07,100 (main) DEBUG [DataNucleus.Enhancer] - Agregando el metodo "org.datanucleus.enhancement.Persistable dnNewInstance(org.datanucleus.enhancement.StateManager sm, java.lang.Object obj)"
17:10:07,100 (main) DEBUG [DataNucleus.Enhancer] - Agregando el metodo "void dnReplaceField(int index)"
17:10:07,100 (main) DEBUG [DataNucleus.Enhancer] - Agregando el metodo "void dnProvideField(int index)"
17:10:07,100 (main) DEBUG [DataNucleus.Enhancer] - Agregando el metodo "void dnCopyField(es.deusto.server.jdo.User obj, int index)"
17:10:07,101 (main) DEBUG [DataNucleus.Enhancer] - Agregando el metodo "void dnCopyFields(java.lang.Object obj, [I indices)"
17:10:07,101 (main) DEBUG [DataNucleus.Enhancer] - Agregando el metodo "[Ljava.lang.String; __dnFieldNamesInit()"
17:10:07,101 (main) DEBUG [DataNucleus.Enhancer] - Agregando el metodo "int __dnGetInheritedFieldCount()"
17:10:07,101 (main) DEBUG [DataNucleus.Enhancer] - Agregando el metodo "int dnGetManagedFieldCount()"
17:10:07,101 (main) DEBUG [DataNucleus.Enhancer] - Agregando el metodo "java.lang.Class ___dn$loadClass(java.lang.String className)"
17:10:07,102 (main) DEBUG [DataNucleus.Enhancer] - Agregando el metodo "java.lang.String dnGetlogin(es.deusto.server.jdo.User objPC)"
17:10:07,102 (main) DEBUG [DataNucleus.Enhancer] - Agregando el metodo "void dnSetlogin(es.deusto.server.jdo.User objPC, java.lang.String val)"
17:10:07,102 (main) DEBUG [DataNucleus.Enhancer] - Agregando el metodo "java.lang.String dnGetpassword(es.deusto.server.jdo.User objPC)"
17:10:07,102 (main) DEBUG [DataNucleus.Enhancer] - Agregando el metodo "void dnSetpassword(es.deusto.server.jdo.User objPC, java.lang.String val)"
17:10:07,103 (main) INFO  [DataNucleus.Enhancer] - Escribiendo el archivo de clase "/home/albertofdr/git/BSPQ19-E3/target/classes/es/deusto/server/jdo/User.class" con definicion enhanced
17:10:07,103 (main) INFO  [DataNucleus.Enhancer] - ENHANCED (Persistable) : es.deusto.server.jdo.User
17:10:07,103 (main) DEBUG [DataNucleus.Enhancer] - Enhance de la clase "es.deusto.server.jdo.User" ha terminado
17:10:07,104 (main) INFO  [DataNucleus.Enhancer] - DataNucleus Enhancer ha terminado con exito para 1 clases. Tiempos : input=46 ms, enhance=33 ms, total=79 ms. Compruebe el LOG para los detalles
